<?xml version="1.0" encoding="UTF-8"?>
<testng-results ignored="0" total="1" passed="1" failed="0" skipped="0">
  <reporter-output>
  </reporter-output>
  <suite started-at="2024-04-08T11:50:25 IST" name="Default suite" finished-at="2024-04-08T11:50:46 IST" duration-ms="21071">
    <groups>
    </groups>
    <test started-at="2024-04-08T11:50:25 IST" name="Default test" finished-at="2024-04-08T11:50:46 IST" duration-ms="21071">
      <class name="com.Flights.Verify_User_is_Able_to_Search_oneWayFlights">
        <test-method is-config="true" signature="fetchData()[pri:0, instance:com.Flights.Verify_User_is_Able_to_Search_oneWayFlights@4803b726]" started-at="2024-04-08T11:50:25 IST" name="fetchData" finished-at="2024-04-08T11:50:25 IST" duration-ms="7" status="PASS">
          <reporter-output>
          </reporter-output>
        </test-method> <!-- fetchData -->
        <test-method is-config="true" signature="setUp()[pri:0, instance:com.Flights.Verify_User_is_Able_to_Search_oneWayFlights@4803b726]" started-at="2024-04-08T11:50:25 IST" name="setUp" finished-at="2024-04-08T11:50:30 IST" duration-ms="4537" status="PASS">
          <reporter-output>
          </reporter-output>
        </test-method> <!-- setUp -->
        <test-method is-config="true" signature="signIn()[pri:0, instance:com.Flights.Verify_User_is_Able_to_Search_oneWayFlights@4803b726]" started-at="2024-04-08T11:50:30 IST" name="signIn" finished-at="2024-04-08T11:50:31 IST" duration-ms="1477" status="PASS">
          <reporter-output>
          </reporter-output>
        </test-method> <!-- signIn -->
        <test-method signature="searchOneWayFlight()[pri:0, instance:com.Flights.Verify_User_is_Able_to_Search_oneWayFlights@4803b726]" started-at="2024-04-08T11:50:31 IST" name="searchOneWayFlight" finished-at="2024-04-08T11:50:46 IST" duration-ms="15020" status="PASS">
          <reporter-output>
          </reporter-output>
        </test-method> <!-- searchOneWayFlight -->
      </class> <!-- com.Flights.Verify_User_is_Able_to_Search_oneWayFlights -->
    </test> <!-- Default test -->
  </suite> <!-- Default suite -->
</testng-results>
