<?xml version="1.0" encoding="UTF-8"?>
<testng-results ignored="0" total="1" passed="1" failed="0" skipped="0">
  <reporter-output>
  </reporter-output>
  <suite started-at="2024-04-04T13:20:17 IST" name="Default suite" finished-at="2024-04-04T13:20:24 IST" duration-ms="6663">
    <groups>
    </groups>
    <test started-at="2024-04-04T13:20:17 IST" name="Default test" finished-at="2024-04-04T13:20:24 IST" duration-ms="6663">
      <class name="com.SignUpandSignIn.SignIn">
        <test-method is-config="true" signature="fetchData()[pri:0, instance:com.SignUpandSignIn.SignIn@e15b7e8]" started-at="2024-04-04T13:20:17 IST" name="fetchData" finished-at="2024-04-04T13:20:17 IST" duration-ms="9" status="PASS">
          <reporter-output>
          </reporter-output>
        </test-method> <!-- fetchData -->
        <test-method is-config="true" signature="setUp()[pri:0, instance:com.SignUpandSignIn.SignIn@e15b7e8]" started-at="2024-04-04T13:20:17 IST" name="setUp" finished-at="2024-04-04T13:20:23 IST" duration-ms="6029" status="PASS">
          <reporter-output>
          </reporter-output>
        </test-method> <!-- setUp -->
        <test-method signature="signIn()[pri:0, instance:com.SignUpandSignIn.SignIn@e15b7e8]" started-at="2024-04-04T13:20:23 IST" name="signIn" finished-at="2024-04-04T13:20:24 IST" duration-ms="580" status="PASS">
          <reporter-output>
          </reporter-output>
        </test-method> <!-- signIn -->
      </class> <!-- com.SignUpandSignIn.SignIn -->
    </test> <!-- Default test -->
  </suite> <!-- Default suite -->
</testng-results>
